mode: set
github.com/ryanpujo/blog-app/internal/user/services/user_service.go:25.67,27.2 1 1
github.com/ryanpujo/blog-app/internal/user/services/user_service.go:30.72,32.14 2 1
github.com/ryanpujo/blog-app/internal/user/services/user_service.go:32.14,34.3 1 1
github.com/ryanpujo/blog-app/internal/user/services/user_service.go:36.2,37.16 2 1
github.com/ryanpujo/blog-app/internal/user/services/user_service.go:37.16,39.3 1 1
github.com/ryanpujo/blog-app/internal/user/services/user_service.go:40.2,42.31 2 1
github.com/ryanpujo/blog-app/internal/user/services/user_service.go:46.63,48.2 1 1
github.com/ryanpujo/blog-app/internal/user/services/user_service.go:51.59,53.2 1 1
github.com/ryanpujo/blog-app/internal/user/services/user_service.go:56.49,58.2 1 1
github.com/ryanpujo/blog-app/internal/user/services/user_service.go:61.74,63.2 1 1
github.com/ryanpujo/blog-app/internal/user/services/user_service.go:65.39,67.2 0 0
