mode: set
github.com/ryanpujo/blog-app/internal/user/services/user_service.go:24.67,26.2 1 1
github.com/ryanpujo/blog-app/internal/user/services/user_service.go:29.72,31.16 2 1
github.com/ryanpujo/blog-app/internal/user/services/user_service.go:31.16,33.3 1 1
github.com/ryanpujo/blog-app/internal/user/services/user_service.go:34.2,36.31 2 1
github.com/ryanpujo/blog-app/internal/user/services/user_service.go:40.63,42.2 1 1
github.com/ryanpujo/blog-app/internal/user/services/user_service.go:45.59,47.2 1 1
github.com/ryanpujo/blog-app/internal/user/services/user_service.go:50.49,52.2 1 1
github.com/ryanpujo/blog-app/internal/user/services/user_service.go:55.65,57.2 1 1
