mode: set
github.com/ryanpujo/blog-app/internal/user/controllers/user_controller.go:25.64,29.2 1 1
github.com/ryanpujo/blog-app/internal/user/controllers/user_controller.go:33.50,38.51 2 1
github.com/ryanpujo/blog-app/internal/user/controllers/user_controller.go:38.51,41.3 2 1
github.com/ryanpujo/blog-app/internal/user/controllers/user_controller.go:44.2,45.16 2 1
github.com/ryanpujo/blog-app/internal/user/controllers/user_controller.go:45.16,48.3 2 1
github.com/ryanpujo/blog-app/internal/user/controllers/user_controller.go:51.2,51.74 1 1
github.com/ryanpujo/blog-app/internal/user/controllers/user_controller.go:57.52,62.46 2 1
github.com/ryanpujo/blog-app/internal/user/controllers/user_controller.go:62.46,65.3 2 1
github.com/ryanpujo/blog-app/internal/user/controllers/user_controller.go:68.2,69.16 2 1
github.com/ryanpujo/blog-app/internal/user/controllers/user_controller.go:69.16,72.3 2 1
github.com/ryanpujo/blog-app/internal/user/controllers/user_controller.go:75.2,75.73 1 1
github.com/ryanpujo/blog-app/internal/user/controllers/user_controller.go:81.53,84.16 2 1
github.com/ryanpujo/blog-app/internal/user/controllers/user_controller.go:84.16,88.3 2 1
github.com/ryanpujo/blog-app/internal/user/controllers/user_controller.go:91.2,91.75 1 1
github.com/ryanpujo/blog-app/internal/user/controllers/user_controller.go:97.54,103.46 2 1
github.com/ryanpujo/blog-app/internal/user/controllers/user_controller.go:103.46,106.3 2 1
github.com/ryanpujo/blog-app/internal/user/controllers/user_controller.go:110.2,110.48 1 1
github.com/ryanpujo/blog-app/internal/user/controllers/user_controller.go:110.48,113.3 2 1
github.com/ryanpujo/blog-app/internal/user/controllers/user_controller.go:116.2,116.25 1 1
github.com/ryanpujo/blog-app/internal/user/controllers/user_controller.go:120.50,126.51 3 1
github.com/ryanpujo/blog-app/internal/user/controllers/user_controller.go:126.51,129.3 2 1
github.com/ryanpujo/blog-app/internal/user/controllers/user_controller.go:132.2,132.46 1 1
github.com/ryanpujo/blog-app/internal/user/controllers/user_controller.go:132.46,135.3 2 1
github.com/ryanpujo/blog-app/internal/user/controllers/user_controller.go:138.2,138.54 1 1
github.com/ryanpujo/blog-app/internal/user/controllers/user_controller.go:138.54,141.3 2 1
github.com/ryanpujo/blog-app/internal/user/controllers/user_controller.go:144.2,144.25 1 1
