mode: set
github.com/ryanpujo/blog-app/internal/user/controllers/user_controller.go:21.64,25.2 1 1
github.com/ryanpujo/blog-app/internal/user/controllers/user_controller.go:29.50,34.51 2 1
github.com/ryanpujo/blog-app/internal/user/controllers/user_controller.go:34.51,37.3 2 1
github.com/ryanpujo/blog-app/internal/user/controllers/user_controller.go:40.2,41.16 2 1
github.com/ryanpujo/blog-app/internal/user/controllers/user_controller.go:41.16,44.3 2 1
github.com/ryanpujo/blog-app/internal/user/controllers/user_controller.go:47.2,47.74 1 1
