mode: set
github.com/ryanpujo/blog-app/internal/user/repositories/user_repository.go:31.52,33.2 1 1
github.com/ryanpujo/blog-app/internal/user/repositories/user_repository.go:37.78,59.16 6 1
github.com/ryanpujo/blog-app/internal/user/repositories/user_repository.go:59.16,62.3 1 1
github.com/ryanpujo/blog-app/internal/user/repositories/user_repository.go:65.2,65.16 1 1
github.com/ryanpujo/blog-app/internal/user/repositories/user_repository.go:70.69,101.16 7 1
github.com/ryanpujo/blog-app/internal/user/repositories/user_repository.go:101.16,104.3 1 1
github.com/ryanpujo/blog-app/internal/user/repositories/user_repository.go:107.2,107.24 1 1
github.com/ryanpujo/blog-app/internal/user/repositories/user_repository.go:112.65,125.16 5 1
github.com/ryanpujo/blog-app/internal/user/repositories/user_repository.go:125.16,128.3 1 0
github.com/ryanpujo/blog-app/internal/user/repositories/user_repository.go:129.2,134.18 3 1
github.com/ryanpujo/blog-app/internal/user/repositories/user_repository.go:134.18,147.17 2 1
github.com/ryanpujo/blog-app/internal/user/repositories/user_repository.go:147.17,150.4 1 0
github.com/ryanpujo/blog-app/internal/user/repositories/user_repository.go:152.3,152.31 1 1
github.com/ryanpujo/blog-app/internal/user/repositories/user_repository.go:156.2,156.35 1 1
github.com/ryanpujo/blog-app/internal/user/repositories/user_repository.go:156.35,158.3 1 0
github.com/ryanpujo/blog-app/internal/user/repositories/user_repository.go:160.2,160.19 1 1
github.com/ryanpujo/blog-app/internal/user/repositories/user_repository.go:165.55,175.16 5 1
github.com/ryanpujo/blog-app/internal/user/repositories/user_repository.go:175.16,178.3 1 0
github.com/ryanpujo/blog-app/internal/user/repositories/user_repository.go:181.2,182.16 2 1
github.com/ryanpujo/blog-app/internal/user/repositories/user_repository.go:182.16,184.3 1 0
github.com/ryanpujo/blog-app/internal/user/repositories/user_repository.go:185.2,185.23 1 1
github.com/ryanpujo/blog-app/internal/user/repositories/user_repository.go:185.23,187.3 1 0
github.com/ryanpujo/blog-app/internal/user/repositories/user_repository.go:190.2,190.12 1 1
github.com/ryanpujo/blog-app/internal/user/repositories/user_repository.go:195.77,216.16 5 1
github.com/ryanpujo/blog-app/internal/user/repositories/user_repository.go:216.16,219.3 1 0
github.com/ryanpujo/blog-app/internal/user/repositories/user_repository.go:222.2,223.16 2 1
github.com/ryanpujo/blog-app/internal/user/repositories/user_repository.go:223.16,225.3 1 0
github.com/ryanpujo/blog-app/internal/user/repositories/user_repository.go:226.2,226.23 1 1
github.com/ryanpujo/blog-app/internal/user/repositories/user_repository.go:226.23,228.3 1 1
github.com/ryanpujo/blog-app/internal/user/repositories/user_repository.go:231.2,231.12 1 1
github.com/ryanpujo/blog-app/internal/user/repositories/user_repository.go:236.86,253.16 6 1
github.com/ryanpujo/blog-app/internal/user/repositories/user_repository.go:253.16,257.3 2 0
github.com/ryanpujo/blog-app/internal/user/repositories/user_repository.go:260.2,260.17 1 1
