mode: set
github.com/ryanpujo/blog-app/internal/user/repositories/user_repository.go:29.52,31.2 1 1
github.com/ryanpujo/blog-app/internal/user/repositories/user_repository.go:35.78,57.16 6 1
github.com/ryanpujo/blog-app/internal/user/repositories/user_repository.go:57.16,60.3 1 1
github.com/ryanpujo/blog-app/internal/user/repositories/user_repository.go:63.2,63.16 1 1
github.com/ryanpujo/blog-app/internal/user/repositories/user_repository.go:68.69,99.16 7 1
github.com/ryanpujo/blog-app/internal/user/repositories/user_repository.go:99.16,102.3 1 1
github.com/ryanpujo/blog-app/internal/user/repositories/user_repository.go:105.2,105.24 1 1
github.com/ryanpujo/blog-app/internal/user/repositories/user_repository.go:110.65,123.16 5 1
github.com/ryanpujo/blog-app/internal/user/repositories/user_repository.go:123.16,126.3 1 0
github.com/ryanpujo/blog-app/internal/user/repositories/user_repository.go:127.2,132.18 3 1
github.com/ryanpujo/blog-app/internal/user/repositories/user_repository.go:132.18,145.17 2 1
github.com/ryanpujo/blog-app/internal/user/repositories/user_repository.go:145.17,148.4 1 0
github.com/ryanpujo/blog-app/internal/user/repositories/user_repository.go:150.3,150.31 1 1
github.com/ryanpujo/blog-app/internal/user/repositories/user_repository.go:154.2,154.35 1 1
github.com/ryanpujo/blog-app/internal/user/repositories/user_repository.go:154.35,156.3 1 0
github.com/ryanpujo/blog-app/internal/user/repositories/user_repository.go:158.2,158.19 1 1
github.com/ryanpujo/blog-app/internal/user/repositories/user_repository.go:163.55,173.16 5 1
github.com/ryanpujo/blog-app/internal/user/repositories/user_repository.go:173.16,176.3 1 0
github.com/ryanpujo/blog-app/internal/user/repositories/user_repository.go:179.2,179.12 1 1
github.com/ryanpujo/blog-app/internal/user/repositories/user_repository.go:184.77,205.16 5 1
github.com/ryanpujo/blog-app/internal/user/repositories/user_repository.go:205.16,208.3 1 0
github.com/ryanpujo/blog-app/internal/user/repositories/user_repository.go:211.2,212.16 2 1
github.com/ryanpujo/blog-app/internal/user/repositories/user_repository.go:212.16,214.3 1 0
github.com/ryanpujo/blog-app/internal/user/repositories/user_repository.go:215.2,215.23 1 1
github.com/ryanpujo/blog-app/internal/user/repositories/user_repository.go:215.23,217.3 1 1
github.com/ryanpujo/blog-app/internal/user/repositories/user_repository.go:220.2,220.12 1 1
